\BOOKMARK [1][-]{section.1}{Introduction}{}% 1
\BOOKMARK [2][-]{subsection.1.1}{Currency Arbitrage}{section.1}% 2
\BOOKMARK [2][-]{subsection.1.2}{The Idea}{section.1}% 3
\BOOKMARK [1][-]{section.2}{Problem Description}{}% 4
\BOOKMARK [2][-]{subsection.2.1}{Problem Variables}{section.2}% 5
\BOOKMARK [3][-]{subsubsection.2.1.1}{2-way Arbitrage}{subsection.2.1}% 6
\BOOKMARK [3][-]{subsubsection.2.1.2}{3-way Arbitrage}{subsection.2.1}% 7
\BOOKMARK [3][-]{subsubsection.2.1.3}{3-way Arbitrage with Variable Rates}{subsection.2.1}% 8
\BOOKMARK [2][-]{subsection.2.2}{Objective Functions and Constraints}{section.2}% 9
\BOOKMARK [3][-]{subsubsection.2.2.1}{2-way Arbitrage}{subsection.2.2}% 10
\BOOKMARK [3][-]{subsubsection.2.2.2}{3-way Arbitrage}{subsection.2.2}% 11
\BOOKMARK [3][-]{subsubsection.2.2.3}{3-way Arbitrage with Variable Rates}{subsection.2.2}% 12
\BOOKMARK [1][-]{section.3}{Results and Methodology}{}% 13
\BOOKMARK [2][-]{subsection.3.1}{2-way Arbitrage}{section.3}% 14
\BOOKMARK [2][-]{subsection.3.2}{3-way Arbitrage}{section.3}% 15
\BOOKMARK [2][-]{subsection.3.3}{3-way Arbitrage with Variable Rates}{section.3}% 16
\BOOKMARK [1][-]{section.4}{Conclusion}{}% 17
\BOOKMARK [2][-]{subsection.4.1}{Practicality}{section.4}% 18
\BOOKMARK [3][-]{subsubsection.4.1.1}{Brute Force Method}{subsection.4.1}% 19
\BOOKMARK [3][-]{subsubsection.4.1.2}{Rate Correlation}{subsection.4.1}% 20
